# JRE version: OpenJDK Runtime Environment (8.0_212-b04) (build 1.8.0_212-release-1586-b04)
# Java VM: OpenJDK 64-Bit Server VM (25.212-b04 mixed mode windows-amd64 compressed oops)
Heap:
 PSYoungGen      total 18432K, used 16208K [0x00000000e0000000, 0x00000000e2400000, 0x0000000100000000)
  eden space 15872K, 91% used [0x00000000e0000000,0x00000000e0e30c48,0x00000000e0f80000)
  from space 2560K, 65% used [0x00000000e0f80000,0x00000000e1123400,0x00000000e1200000)
  to   space 5120K, 0% used [0x00000000e1f00000,0x00000000e1f00000,0x00000000e2400000)
 ParOldGen       total 29696K, used 4777K [0x00000000a0000000, 0x00000000a1d00000, 0x00000000e0000000)
  object space 29696K, 16% used [0x00000000a0000000,0x00000000a04aa488,0x00000000a1d00000)
 Metaspace       used 14374K, capacity 14806K, committed 14976K, reserved 1064960K
  class space    used 1991K, capacity 2127K, committed 2176K, reserved 1048576K
GC Heap History (10 events):
Event: 5.202 GC heap before
{Heap before GC invocations=4 (full 0):
 PSYoungGen      total 18432K, used 17952K [0x00000000e0000000, 0x00000000e1480000, 0x0000000100000000)
  eden space 15872K, 100% used [0x00000000e0000000,0x00000000e0f80000,0x00000000e0f80000)
  from space 2560K, 81% used [0x00000000e0f80000,0x00000000e1188000,0x00000000e1200000)
  to   space 2560K, 0% used [0x00000000e1200000,0x00000000e1200000,0x00000000e1480000)
 ParOldGen       total 42496K, used 595K [0x00000000a0000000, 0x00000000a2980000, 0x00000000e0000000)
  object space 42496K, 1% used [0x00000000a0000000,0x00000000a0094ce8,0x00000000a2980000)
 Metaspace       used 7267K, capacity 7580K, committed 7680K, reserved 1056768K
  class space    used 891K, capacity 980K, committed 1024K, reserved 1048576K
Event: 5.208 GC heap after
Heap after GC invocations=4 (full 0):
 PSYoungGen      total 18432K, used 2528K [0x00000000e0000000, 0x00000000e1480000, 0x0000000100000000)
  eden space 15872K, 0% used [0x00000000e0000000,0x00000000e0000000,0x00000000e0f80000)
  from space 2560K, 98% used [0x00000000e1200000,0x00000000e1478020,0x00000000e1480000)
  to   space 2560K, 0% used [0x00000000e0f80000,0x00000000e0f80000,0x00000000e1200000)
 ParOldGen       total 42496K, used 1177K [0x00000000a0000000, 0x00000000a2980000, 0x00000000e0000000)
  object space 42496K, 2% used [0x00000000a0000000,0x00000000a0126618,0x00000000a2980000)
 Metaspace       used 7267K, capacity 7580K, committed 7680K, reserved 1056768K
  class space    used 891K, capacity 980K, committed 1024K, reserved 1048576K
}
Event: 5.871 GC heap before
{Heap before GC invocations=5 (full 0):
 PSYoungGen      total 18432K, used 18400K [0x00000000e0000000, 0x00000000e1480000, 0x0000000100000000)
  eden space 15872K, 100% used [0x00000000e0000000,0x00000000e0f80000,0x00000000e0f80000)
  from space 2560K, 98% used [0x00000000e1200000,0x00000000e1478020,0x00000000e1480000)
  to   space 2560K, 0% used [0x00000000e0f80000,0x00000000e0f80000,0x00000000e1200000)
 ParOldGen       total 42496K, used 1177K [0x00000000a0000000, 0x00000000a2980000, 0x00000000e0000000)
  object space 42496K, 2% used [0x00000000a0000000,0x00000000a0126618,0x00000000a2980000)
 Metaspace       used 9040K, capacity 9252K, committed 9472K, reserved 1056768K
  class space    used 1167K, capacity 1272K, committed 1280K, reserved 1048576K
Event: 5.889 GC heap after
Heap after GC invocations=5 (full 0):
 PSYoungGen      total 18432K, used 2544K [0x00000000e0000000, 0x00000000e2800000, 0x0000000100000000)
  eden space 15872K, 0% used [0x00000000e0000000,0x00000000e0000000,0x00000000e0f80000)
  from space 2560K, 99% used [0x00000000e0f80000,0x00000000e11fc010,0x00000000e1200000)
  to   space 4608K, 0% used [0x00000000e2380000,0x00000000e2380000,0x00000000e2800000)
 ParOldGen       total 42496K, used 2678K [0x00000000a0000000, 0x00000000a2980000, 0x00000000e0000000)
  object space 42496K, 6% used [0x00000000a0000000,0x00000000a029dbf0,0x00000000a2980000)
 Metaspace       used 9040K, capacity 9252K, committed 9472K, reserved 1056768K
  class space    used 1167K, capacity 1272K, committed 1280K, reserved 1048576K
}
Event: 8.329 GC heap before
{Heap before GC invocations=6 (full 0):
 PSYoungGen      total 18432K, used 13635K [0x00000000e0000000, 0x00000000e2800000, 0x0000000100000000)
  eden space 15872K, 69% used [0x00000000e0000000,0x00000000e0ad4c00,0x00000000e0f80000)
  from space 2560K, 99% used [0x00000000e0f80000,0x00000000e11fc010,0x00000000e1200000)
  to   space 4608K, 0% used [0x00000000e2380000,0x00000000e2380000,0x00000000e2800000)
 ParOldGen       total 42496K, used 2678K [0x00000000a0000000, 0x00000000a2980000, 0x00000000e0000000)
  object space 42496K, 6% used [0x00000000a0000000,0x00000000a029dbf0,0x00000000a2980000)
 Metaspace       used 11797K, capacity 12126K, committed 12288K, reserved 1064960K
  class space    used 1553K, capacity 1683K, committed 1792K, reserved 1048576K
Event: 8.340 GC heap after
Heap after GC invocations=6 (full 0):
 PSYoungGen      total 20480K, used 4272K [0x00000000e0000000, 0x00000000e2800000, 0x0000000100000000)
  eden space 15872K, 0% used [0x00000000e0000000,0x00000000e0000000,0x00000000e0f80000)
  from space 4608K, 92% used [0x00000000e2380000,0x00000000e27ac030,0x00000000e2800000)
  to   space 2560K, 0% used [0x00000000e0f80000,0x00000000e0f80000,0x00000000e1200000)
 ParOldGen       total 42496K, used 2686K [0x00000000a0000000, 0x00000000a2980000, 0x00000000e0000000)
  object space 42496K, 6% used [0x00000000a0000000,0x00000000a029fbf0,0x00000000a2980000)
 Metaspace       used 11797K, capacity 12126K, committed 12288K, reserved 1064960K
  class space    used 1553K, capacity 1683K, committed 1792K, reserved 1048576K
}
Event: 8.340 GC heap before
{Heap before GC invocations=7 (full 1):
 PSYoungGen      total 20480K, used 4272K [0x00000000e0000000, 0x00000000e2800000, 0x0000000100000000)
  eden space 15872K, 0% used [0x00000000e0000000,0x00000000e0000000,0x00000000e0f80000)
  from space 4608K, 92% used [0x00000000e2380000,0x00000000e27ac030,0x00000000e2800000)
  to   space 2560K, 0% used [0x00000000e0f80000,0x00000000e0f80000,0x00000000e1200000)
 ParOldGen       total 42496K, used 2686K [0x00000000a0000000, 0x00000000a2980000, 0x00000000e0000000)
  object space 42496K, 6% used [0x00000000a0000000,0x00000000a029fbf0,0x00000000a2980000)
 Metaspace       used 11797K, capacity 12126K, committed 12288K, reserved 1064960K
  class space    used 1553K, capacity 1683K, committed 1792K, reserved 1048576K
Event: 8.411 GC heap after
Heap after GC invocations=7 (full 1):
 PSYoungGen      total 20480K, used 0K [0x00000000e0000000, 0x00000000e2800000, 0x0000000100000000)
  eden space 15872K, 0% used [0x00000000e0000000,0x00000000e0000000,0x00000000e0f80000)
  from space 4608K, 0% used [0x00000000e2380000,0x00000000e2380000,0x00000000e2800000)
  to   space 2560K, 0% used [0x00000000e0f80000,0x00000000e0f80000,0x00000000e1200000)
 ParOldGen       total 29696K, used 4777K [0x00000000a0000000, 0x00000000a1d00000, 0x00000000e0000000)
  object space 29696K, 16% used [0x00000000a0000000,0x00000000a04aa488,0x00000000a1d00000)
 Metaspace       used 11797K, capacity 12126K, committed 12288K, reserved 1062912K
  class space    used 1553K, capacity 1683K, committed 1792K, reserved 1048576K
}
Event: 8.969 GC heap before
{Heap before GC invocations=8 (full 1):
 PSYoungGen      total 20480K, used 15872K [0x00000000e0000000, 0x00000000e2800000, 0x0000000100000000)
  eden space 15872K, 100% used [0x00000000e0000000,0x00000000e0f80000,0x00000000e0f80000)
  from space 4608K, 0% used [0x00000000e2380000,0x00000000e2380000,0x00000000e2800000)
  to   space 2560K, 0% used [0x00000000e0f80000,0x00000000e0f80000,0x00000000e1200000)
 ParOldGen       total 29696K, used 4777K [0x00000000a0000000, 0x00000000a1d00000, 0x00000000e0000000)
  object space 29696K, 16% used [0x00000000a0000000,0x00000000a04aa488,0x00000000a1d00000)
 Metaspace       used 12837K, capacity 13262K, committed 13440K, reserved 1062912K
  class space    used 1753K, capacity 1867K, committed 1920K, reserved 1048576K
Event: 8.975 GC heap after
Heap after GC invocations=8 (full 1):
 PSYoungGen      total 18432K, used 1677K [0x00000000e0000000, 0x00000000e2400000, 0x0000000100000000)
  eden space 15872K, 0% used [0x00000000e0000000,0x00000000e0000000,0x00000000e0f80000)
  from space 2560K, 65% used [0x00000000e0f80000,0x00000000e1123400,0x00000000e1200000)
  to   space 5120K, 0% used [0x00000000e1f00000,0x00000000e1f00000,0x00000000e2400000)
 ParOldGen       total 29696K, used 4777K [0x00000000a0000000, 0x00000000a1d00000, 0x00000000e0000000)
  object space 29696K, 16% used [0x00000000a0000000,0x00000000a04aa488,0x00000000a1d00000)
 Metaspace       used 12837K, capacity 13262K, committed 13440K, reserved 1062912K
  class space    used 1753K, capacity 1867K, committed 1920K, reserved 1048576K
}

