# JRE version: OpenJDK Runtime Environment (8.0_212-b04) (build 1.8.0_212-release-1586-b04)
# Java VM: OpenJDK 64-Bit Server VM (25.212-b04 mixed mode windows-amd64 compressed oops)
Heap:
 PSYoungGen      total 316928K, used 211511K [0x00000000e0000000, 0x00000000fcc00000, 0x0000000100000000)
  eden space 239104K, 88% used [0x00000000e0000000,0x00000000ece8df18,0x00000000ee980000)
  from space 77824K, 0% used [0x00000000ee980000,0x00000000ee980000,0x00000000f3580000)
  to   space 103936K, 0% used [0x00000000f6680000,0x00000000f6680000,0x00000000fcc00000)
 ParOldGen       total 128000K, used 127735K [0x00000000a0000000, 0x00000000a7d00000, 0x00000000e0000000)
  object space 128000K, 99% used [0x00000000a0000000,0x00000000a7cbdcd0,0x00000000a7d00000)
 Metaspace       used 126605K, capacity 133292K, committed 136064K, reserved 1167360K
  class space    used 16060K, capacity 17282K, committed 17792K, reserved 1048576K
GC Heap History (10 events):
Event: 4388.219 GC heap before
{Heap before GC invocations=35 (full 4):
 PSYoungGen      total 286720K, used 279827K [0x00000000e0000000, 0x00000000f5a80000, 0x0000000100000000)
  eden space 232960K, 100% used [0x00000000e0000000,0x00000000ee380000,0x00000000ee380000)
  from space 53760K, 87% used [0x00000000f1d80000,0x00000000f4b44ff8,0x00000000f5200000)
  to   space 59392K, 0% used [0x00000000ee380000,0x00000000ee380000,0x00000000f1d80000)
 ParOldGen       total 128000K, used 79267K [0x00000000a0000000, 0x00000000a7d00000, 0x00000000e0000000)
  object space 128000K, 61% used [0x00000000a0000000,0x00000000a4d68fc8,0x00000000a7d00000)
 Metaspace       used 116456K, capacity 122922K, committed 123008K, reserved 1157120K
  class space    used 14926K, capacity 16178K, committed 16256K, reserved 1048576K
Event: 4388.356 GC heap after
Heap after GC invocations=35 (full 4):
 PSYoungGen      total 292352K, used 58573K [0x00000000e0000000, 0x00000000f7880000, 0x0000000100000000)
  eden space 232960K, 0% used [0x00000000e0000000,0x00000000e0000000,0x00000000ee380000)
  from space 59392K, 98% used [0x00000000ee380000,0x00000000f1cb3488,0x00000000f1d80000)
  to   space 68608K, 0% used [0x00000000f3580000,0x00000000f3580000,0x00000000f7880000)
 ParOldGen       total 128000K, used 79275K [0x00000000a0000000, 0x00000000a7d00000, 0x00000000e0000000)
  object space 128000K, 61% used [0x00000000a0000000,0x00000000a4d6afc8,0x00000000a7d00000)
 Metaspace       used 116456K, capacity 122922K, committed 123008K, reserved 1157120K
  class space    used 14926K, capacity 16178K, committed 16256K, reserved 1048576K
}
Event: 4406.652 GC heap before
{Heap before GC invocations=36 (full 4):
 PSYoungGen      total 292352K, used 291533K [0x00000000e0000000, 0x00000000f7880000, 0x0000000100000000)
  eden space 232960K, 100% used [0x00000000e0000000,0x00000000ee380000,0x00000000ee380000)
  from space 59392K, 98% used [0x00000000ee380000,0x00000000f1cb3488,0x00000000f1d80000)
  to   space 68608K, 0% used [0x00000000f3580000,0x00000000f3580000,0x00000000f7880000)
 ParOldGen       total 128000K, used 79275K [0x00000000a0000000, 0x00000000a7d00000, 0x00000000e0000000)
  object space 128000K, 61% used [0x00000000a0000000,0x00000000a4d6afc8,0x00000000a7d00000)
 Metaspace       used 126574K, capacity 134106K, committed 134400K, reserved 1165312K
  class space    used 16199K, capacity 17600K, committed 17664K, reserved 1048576K
Event: 4406.817 GC heap after
Heap after GC invocations=36 (full 4):
 PSYoungGen      total 307712K, used 64176K [0x00000000e0000000, 0x00000000f8b00000, 0x0000000100000000)
  eden space 239104K, 0% used [0x00000000e0000000,0x00000000e0000000,0x00000000ee980000)
  from space 68608K, 93% used [0x00000000f3580000,0x00000000f742c260,0x00000000f7880000)
  to   space 77824K, 0% used [0x00000000ee980000,0x00000000ee980000,0x00000000f3580000)
 ParOldGen       total 128000K, used 79283K [0x00000000a0000000, 0x00000000a7d00000, 0x00000000e0000000)
  object space 128000K, 61% used [0x00000000a0000000,0x00000000a4d6cfc8,0x00000000a7d00000)
 Metaspace       used 126574K, capacity 134106K, committed 134400K, reserved 1165312K
  class space    used 16199K, capacity 17600K, committed 17664K, reserved 1048576K
}
Event: 4413.279 GC heap before
{Heap before GC invocations=37 (full 4):
 PSYoungGen      total 307712K, used 303280K [0x00000000e0000000, 0x00000000f8b00000, 0x0000000100000000)
  eden space 239104K, 100% used [0x00000000e0000000,0x00000000ee980000,0x00000000ee980000)
  from space 68608K, 93% used [0x00000000f3580000,0x00000000f742c260,0x00000000f7880000)
  to   space 77824K, 0% used [0x00000000ee980000,0x00000000ee980000,0x00000000f3580000)
 ParOldGen       total 128000K, used 79283K [0x00000000a0000000, 0x00000000a7d00000, 0x00000000e0000000)
  object space 128000K, 61% used [0x00000000a0000000,0x00000000a4d6cfc8,0x00000000a7d00000)
 Metaspace       used 128205K, capacity 135860K, committed 136064K, reserved 1167360K
  class space    used 16376K, capacity 17759K, committed 17792K, reserved 1048576K
Event: 4413.596 GC heap after
Heap after GC invocations=37 (full 4):
 PSYoungGen      total 316928K, used 77822K [0x00000000e0000000, 0x00000000fcc00000, 0x0000000100000000)
  eden space 239104K, 0% used [0x00000000e0000000,0x00000000e0000000,0x00000000ee980000)
  from space 77824K, 99% used [0x00000000ee980000,0x00000000f357fa40,0x00000000f3580000)
  to   space 103936K, 0% used [0x00000000f6680000,0x00000000f6680000,0x00000000fcc00000)
 ParOldGen       total 128000K, used 116804K [0x00000000a0000000, 0x00000000a7d00000, 0x00000000e0000000)
  object space 128000K, 91% used [0x00000000a0000000,0x00000000a72113f0,0x00000000a7d00000)
 Metaspace       used 128205K, capacity 135860K, committed 136064K, reserved 1167360K
  class space    used 16376K, capacity 17759K, committed 17792K, reserved 1048576K
}
Event: 4413.597 GC heap before
{Heap before GC invocations=38 (full 5):
 PSYoungGen      total 316928K, used 77822K [0x00000000e0000000, 0x00000000fcc00000, 0x0000000100000000)
  eden space 239104K, 0% used [0x00000000e0000000,0x00000000e0000000,0x00000000ee980000)
  from space 77824K, 99% used [0x00000000ee980000,0x00000000f357fa40,0x00000000f3580000)
  to   space 103936K, 0% used [0x00000000f6680000,0x00000000f6680000,0x00000000fcc00000)
 ParOldGen       total 128000K, used 116804K [0x00000000a0000000, 0x00000000a7d00000, 0x00000000e0000000)
  object space 128000K, 91% used [0x00000000a0000000,0x00000000a72113f0,0x00000000a7d00000)
 Metaspace       used 128205K, capacity 135860K, committed 136064K, reserved 1167360K
  class space    used 16376K, capacity 17759K, committed 17792K, reserved 1048576K
Event: 4416.375 GC heap after
Heap after GC invocations=38 (full 5):
 PSYoungGen      total 316928K, used 10226K [0x00000000e0000000, 0x00000000fcc00000, 0x0000000100000000)
  eden space 239104K, 0% used [0x00000000e0000000,0x00000000e0000000,0x00000000ee980000)
  from space 77824K, 13% used [0x00000000ee980000,0x00000000ef37caf8,0x00000000f3580000)
  to   space 103936K, 0% used [0x00000000f6680000,0x00000000f6680000,0x00000000fcc00000)
 ParOldGen       total 128000K, used 127836K [0x00000000a0000000, 0x00000000a7d00000, 0x00000000e0000000)
  object space 128000K, 99% used [0x00000000a0000000,0x00000000a7cd70c8,0x00000000a7d00000)
 Metaspace       used 126509K, capacity 133260K, committed 136064K, reserved 1167360K
  class space    used 16078K, capacity 17305K, committed 17792K, reserved 1048576K
}
Event: 4422.998 GC heap before
{Heap before GC invocations=39 (full 6):
 PSYoungGen      total 316928K, used 249330K [0x00000000e0000000, 0x00000000fcc00000, 0x0000000100000000)
  eden space 239104K, 100% used [0x00000000e0000000,0x00000000ee980000,0x00000000ee980000)
  from space 77824K, 13% used [0x00000000ee980000,0x00000000ef37caf8,0x00000000f3580000)
  to   space 103936K, 0% used [0x00000000f6680000,0x00000000f6680000,0x00000000fcc00000)
 ParOldGen       total 128000K, used 127836K [0x00000000a0000000, 0x00000000a7d00000, 0x00000000e0000000)
  object space 128000K, 99% used [0x00000000a0000000,0x00000000a7cd70c8,0x00000000a7d00000)
 Metaspace       used 126590K, capacity 133362K, committed 136064K, reserved 1167360K
  class space    used 16085K, capacity 17338K, committed 17792K, reserved 1048576K
Event: 4426.425 GC heap after
Heap after GC invocations=39 (full 6):
 PSYoungGen      total 316928K, used 50106K [0x00000000e0000000, 0x00000000fcc00000, 0x0000000100000000)
  eden space 239104K, 20% used [0x00000000e0000000,0x00000000e30ee878,0x00000000ee980000)
  from space 77824K, 0% used [0x00000000ee980000,0x00000000ee980000,0x00000000f3580000)
  to   space 103936K, 0% used [0x00000000f6680000,0x00000000f6680000,0x00000000fcc00000)
 ParOldGen       total 128000K, used 127735K [0x00000000a0000000, 0x00000000a7d00000, 0x00000000e0000000)
  object space 128000K, 99% used [0x00000000a0000000,0x00000000a7cbdcd0,0x00000000a7d00000)
 Metaspace       used 126380K, capacity 133032K, committed 136064K, reserved 1167360K
  class space    used 16040K, capacity 17268K, committed 17792K, reserved 1048576K
}

